  [4;36;1mSQL (0.3ms)[0m   [0;1m SELECT name
 FROM sqlite_master
 WHERE type = 'table' AND NOT name = 'sqlite_sequence'
[0m
  [4;35;1mSQL (0.1ms)[0m   [0mselect sqlite_version(*)[0m
  [4;36;1mSQL (2.1ms)[0m   [0;1mCREATE TABLE "schema_migrations" ("version" varchar(255) NOT NULL) [0m
  [4;35;1mSQL (2.5ms)[0m   [0mCREATE UNIQUE INDEX "unique_schema_migrations" ON "schema_migrations" ("version")[0m
  [4;36;1mSQL (0.2ms)[0m   [0;1m SELECT name
 FROM sqlite_master
 WHERE type = 'table' AND NOT name = 'sqlite_sequence'
[0m
  [4;35;1mSQL (0.1ms)[0m   [0mSELECT version FROM schema_migrations[0m
Migrating to CreatePeople (20090522171143)
  [4;36;1mSQL (1.2ms)[0m   [0;1mCREATE TABLE "people" ("id" INTEGER PRIMARY KEY AUTOINCREMENT NOT NULL, "name" varchar(255), "birthday" date, "created_at" datetime, "updated_at" datetime) [0m
  [4;35;1mSQL (0.4ms)[0m   [0mINSERT INTO schema_migrations (version) VALUES ('20090522171143')[0m
  [4;36;1mSQL (0.2ms)[0m   [0;1m SELECT name
 FROM sqlite_master
 WHERE type = 'table' AND NOT name = 'sqlite_sequence'
[0m
  [4;35;1mSQL (0.1ms)[0m   [0mSELECT version FROM schema_migrations[0m
  [4;36;1mSQL (0.1ms)[0m   [0;1m SELECT name
 FROM sqlite_master
 WHERE type = 'table' AND NOT name = 'sqlite_sequence'
[0m
  [4;35;1mSQL (0.0ms)[0m   [0mPRAGMA index_list("people")[0m


Processing PeopleController#new (for 127.0.0.1 at 2009-05-22 13:14:08) [GET]
Rendering template within layouts/people
Rendering people/new
Completed in 110ms (View: 105, DB: 0) | 200 OK [http://localhost/people/new]


Processing PeopleController#create (for 127.0.0.1 at 2009-05-22 13:14:26) [POST]
  Parameters: {"commit"=>"Create", "authenticity_token"=>"qezkVq+MNzFuXxFBJ/GaSoh2BNdxM6oF3H7JP5beFFE=", "person"=>{"birthday(2i)"=>"8", "name"=>"Barack Obama", "birthday(3i)"=>"4", "birthday(1i)"=>"1960"}}
  [4;36;1mPerson Create (0.5ms)[0m   [0;1mINSERT INTO "people" ("name", "updated_at", "birthday", "created_at") VALUES('Barack Obama', '2009-05-22 17:14:26', '1960-08-04', '2009-05-22 17:14:26')[0m
Redirected to http://localhost:3000/people/1
Completed in 43ms (DB: 1) | 302 Found [http://localhost/people]


Processing PeopleController#show (for 127.0.0.1 at 2009-05-22 13:14:26) [GET]
  Parameters: {"id"=>"1"}
  [4;35;1mPerson Load (0.2ms)[0m   [0mSELECT * FROM "people" WHERE ("people"."id" = 1) [0m
Rendering template within layouts/people
Rendering people/show
Completed in 9ms (View: 4, DB: 0) | 200 OK [http://localhost/people/1]


Processing PeopleController#edit (for 127.0.0.1 at 2009-05-22 13:28:55) [GET]
  Parameters: {"id"=>"1"}
  [4;36;1mPerson Load (0.2ms)[0m   [0;1mSELECT * FROM "people" WHERE ("people"."id" = 1) [0m
Rendering template within layouts/people
Rendering people/edit

ActionView::TemplateError (undefined method `anniversary' for #<Person:0x249cc4c>) on line #16 of app/views/people/edit.html.erb:
13:   </p>
14:   <p>
15:     <%= f.label :anniversary %><br />
16:     <%= f.date_select :anniversary, :start_year=>1900 %>
17:   </p>
18:   <p>
19:     <%= f.submit 'Update' %>

    app/views/people/edit.html.erb:16
    app/views/people/edit.html.erb:3

Rendered rescues/_trace (98.4ms)
Rendered rescues/_request_and_response (1.3ms)
Rendering rescues/layout (internal_server_error)
  [4;36;1mSQL (0.4ms)[0m   [0;1m SELECT name
 FROM sqlite_master
 WHERE type = 'table' AND NOT name = 'sqlite_sequence'
[0m
  [4;35;1mSQL (0.1ms)[0m   [0mSELECT version FROM schema_migrations[0m
Migrating to CreatePeople (20090522171143)
Migrating to AddAnniversaryToPerson (20090522172917)
  [4;36;1mSQL (0.1ms)[0m   [0;1mselect sqlite_version(*)[0m
  [4;35;1mSQL (0.5ms)[0m   [0mALTER TABLE "people" ADD "anniversary" varchar(255)[0m
  [4;36;1mSQL (0.1ms)[0m   [0;1mINSERT INTO schema_migrations (version) VALUES ('20090522172917')[0m
  [4;35;1mSQL (0.2ms)[0m   [0m SELECT name
 FROM sqlite_master
 WHERE type = 'table' AND NOT name = 'sqlite_sequence'
[0m
  [4;36;1mSQL (0.1ms)[0m   [0;1mSELECT version FROM schema_migrations[0m
  [4;35;1mSQL (0.1ms)[0m   [0m SELECT name
 FROM sqlite_master
 WHERE type = 'table' AND NOT name = 'sqlite_sequence'
[0m
  [4;36;1mSQL (0.0ms)[0m   [0;1mPRAGMA index_list("people")[0m


Processing PeopleController#edit (for 127.0.0.1 at 2009-05-22 13:29:35) [GET]
  Parameters: {"id"=>"1"}
  [4;35;1mPerson Load (0.2ms)[0m   [0mSELECT * FROM "people" WHERE ("people"."id" = 1) [0m
Rendering template within layouts/people
Rendering people/edit
Completed in 14ms (View: 10, DB: 0) | 200 OK [http://localhost/people/1/edit]


Processing PeopleController#update (for 127.0.0.1 at 2009-05-22 13:32:14) [PUT]
  Parameters: {"commit"=>"Update", "authenticity_token"=>"qezkVq+MNzFuXxFBJ/GaSoh2BNdxM6oF3H7JP5beFFE=", "id"=>"1", "person"=>{"birthday(2i)"=>"8", "name"=>"Barack Obama", "birthday(3i)"=>"4", "anniversary(1i)"=>"1992", "anniversary(2i)"=>"10", "anniversary(3i)"=>"3", "birthday(1i)"=>"1960"}}
  [4;36;1mPerson Load (0.2ms)[0m   [0;1mSELECT * FROM "people" WHERE ("people"."id" = 1) [0m

ActiveRecord::MultiparameterAssignmentErrors (1 error(s) on assignment of multiparameter attributes):
  app/controllers/people_controller.rb:63:in `update'
  app/controllers/people_controller.rb:62:in `update'

Rendered rescues/_trace (30.0ms)
Rendered rescues/_request_and_response (0.3ms)
Rendering rescues/layout (internal_server_error)


Processing PeopleController#edit (for 127.0.0.1 at 2009-05-22 13:46:03) [GET]
  Parameters: {"id"=>"1"}
  [4;35;1mPerson Load (0.2ms)[0m   [0mSELECT * FROM "people" WHERE ("people"."id" = 1) [0m
Rendering template within layouts/people
Rendering people/edit
ERROR: compiling _run_erb_app47views47people47edit46html46erb RAISED compile error
/Users/alexrothenberg/ruby/github/date_select_example/app/views/people/edit.html.erb:27: syntax error, unexpected ')'
@output_buffer.concat(( h <hi> ).to_s); @output_buffer
                                ^
Function body:           def _run_erb_app47views47people47edit46html46erb(local_assigns)
            old_output_buffer = output_buffer;;@output_buffer = '';  __in_erb_template=true ; @output_buffer.concat "<h1>Editing person</h1>\n"
@output_buffer.concat "\n"
 form_for(@person) do |f| ; @output_buffer.concat "\n"
@output_buffer.concat "  "; @output_buffer.concat(( f.error_messages ).to_s); @output_buffer.concat "\n"
@output_buffer.concat "\n"
@output_buffer.concat "  <p>\n"
@output_buffer.concat "    "; @output_buffer.concat(( f.label :name ).to_s); @output_buffer.concat "<br />\n"
@output_buffer.concat "    "; @output_buffer.concat(( f.text_field :name ).to_s); @output_buffer.concat "\n"
@output_buffer.concat "  </p>\n"
@output_buffer.concat "  <p>\n"
@output_buffer.concat "    "; @output_buffer.concat(( f.label :birthday ).to_s); @output_buffer.concat "<br />\n"
@output_buffer.concat "    "; @output_buffer.concat(( f.date_select :birthday, :start_year=>1900 ).to_s); @output_buffer.concat "\n"
@output_buffer.concat "  </p>\n"
@output_buffer.concat "  <p>\n"
@output_buffer.concat "    "; @output_buffer.concat(( f.label :anniversary ).to_s); @output_buffer.concat "<br />\n"
@output_buffer.concat "    "; @output_buffer.concat(( f.date_select :anniversary, :start_year=>1900 ).to_s); @output_buffer.concat "\n"
@output_buffer.concat "  </p>\n"
@output_buffer.concat "  <p>\n"
@output_buffer.concat "    "; @output_buffer.concat(( f.submit 'Update' ).to_s); @output_buffer.concat "\n"
@output_buffer.concat "  </p>\n"
 end ; @output_buffer.concat "\n"
@output_buffer.concat "\n"
@output_buffer.concat(( link_to 'Show', @person ).to_s); @output_buffer.concat " |\n"
@output_buffer.concat(( link_to 'Back', people_path ).to_s); @output_buffer.concat "\n"
@output_buffer.concat "\n"
@output_buffer.concat "\n"
@output_buffer.concat(( h <hi> ).to_s); @output_buffer
          ensure
            self.output_buffer = old_output_buffer
          end
Backtrace: /Users/alexrothenberg/ruby/github/date_select_example/app/views/people/edit.html.erb:30:in `compile!'
/Library/Ruby/Gems/1.8/gems/actionpack-2.3.2/lib/action_view/renderable.rb:61:in `compile'
/Library/Ruby/Gems/1.8/gems/actionpack-2.3.2/lib/action_view/renderable.rb:28:in `render'
/Library/Ruby/Gems/1.8/gems/actionpack-2.3.2/lib/action_view/template.rb:194:in `render_template'
/Library/Ruby/Gems/1.8/gems/actionpack-2.3.2/lib/action_view/base.rb:260:in `render'
/Library/Ruby/Gems/1.8/gems/actionpack-2.3.2/lib/action_view/base.rb:343:in `_render_with_layout'
/Library/Ruby/Gems/1.8/gems/actionpack-2.3.2/lib/action_view/base.rb:257:in `render'
/Library/Ruby/Gems/1.8/gems/actionpack-2.3.2/lib/action_controller/base.rb:1241:in `render_for_file'
/Library/Ruby/Gems/1.8/gems/actionpack-2.3.2/lib/action_controller/base.rb:937:in `render_without_benchmark'
/Library/Ruby/Gems/1.8/gems/actionpack-2.3.2/lib/action_controller/benchmarking.rb:51:in `render'
/Library/Ruby/Gems/1.8/gems/activesupport-2.3.2/lib/active_support/core_ext/benchmark.rb:17:in `ms'
/Library/Ruby/Gems/1.8/gems/activesupport-2.3.2/lib/active_support/core_ext/benchmark.rb:10:in `realtime'
/Library/Ruby/Gems/1.8/gems/activesupport-2.3.2/lib/active_support/core_ext/benchmark.rb:17:in `ms'
/Library/Ruby/Gems/1.8/gems/actionpack-2.3.2/lib/action_controller/benchmarking.rb:51:in `render'
/Library/Ruby/Gems/1.8/gems/actionpack-2.3.2/lib/action_controller/base.rb:1317:in `default_render'
/Library/Ruby/Gems/1.8/gems/actionpack-2.3.2/lib/action_controller/base.rb:1323:in `perform_action_without_filters'
/Library/Ruby/Gems/1.8/gems/actionpack-2.3.2/lib/action_controller/filters.rb:617:in `call_filters'
/Library/Ruby/Gems/1.8/gems/actionpack-2.3.2/lib/action_controller/filters.rb:610:in `perform_action_without_benchmark'
/Library/Ruby/Gems/1.8/gems/actionpack-2.3.2/lib/action_controller/benchmarking.rb:68:in `perform_action_without_rescue'
/Library/Ruby/Gems/1.8/gems/activesupport-2.3.2/lib/active_support/core_ext/benchmark.rb:17:in `ms'
/Library/Ruby/Gems/1.8/gems/activesupport-2.3.2/lib/active_support/core_ext/benchmark.rb:10:in `realtime'
/Library/Ruby/Gems/1.8/gems/activesupport-2.3.2/lib/active_support/core_ext/benchmark.rb:17:in `ms'
/Library/Ruby/Gems/1.8/gems/actionpack-2.3.2/lib/action_controller/benchmarking.rb:68:in `perform_action_without_rescue'
/Library/Ruby/Gems/1.8/gems/actionpack-2.3.2/lib/action_controller/rescue.rb:160:in `perform_action_without_flash'
/Library/Ruby/Gems/1.8/gems/actionpack-2.3.2/lib/action_controller/flash.rb:141:in `perform_action'
/Library/Ruby/Gems/1.8/gems/actionpack-2.3.2/lib/action_controller/base.rb:523:in `send'
/Library/Ruby/Gems/1.8/gems/actionpack-2.3.2/lib/action_controller/base.rb:523:in `process_without_filters'
/Library/Ruby/Gems/1.8/gems/actionpack-2.3.2/lib/action_controller/filters.rb:606:in `process'
/Library/Ruby/Gems/1.8/gems/actionpack-2.3.2/lib/action_controller/base.rb:391:in `process'
/Library/Ruby/Gems/1.8/gems/actionpack-2.3.2/lib/action_controller/base.rb:386:in `call'
/Library/Ruby/Gems/1.8/gems/actionpack-2.3.2/lib/action_controller/routing/route_set.rb:433:in `call'
/Library/Ruby/Gems/1.8/gems/actionpack-2.3.2/lib/action_controller/dispatcher.rb:88:in `dispatch'
/Library/Ruby/Gems/1.8/gems/actionpack-2.3.2/lib/action_controller/dispatcher.rb:111:in `_call'
/Library/Ruby/Gems/1.8/gems/actionpack-2.3.2/lib/action_controller/dispatcher.rb:82:in `initialize'
/Library/Ruby/Gems/1.8/gems/activerecord-2.3.2/lib/active_record/query_cache.rb:29:in `call'
/Library/Ruby/Gems/1.8/gems/activerecord-2.3.2/lib/active_record/query_cache.rb:29:in `call'
/Library/Ruby/Gems/1.8/gems/activerecord-2.3.2/lib/active_record/connection_adapters/abstract/query_cache.rb:34:in `cache'
/Library/Ruby/Gems/1.8/gems/activerecord-2.3.2/lib/active_record/query_cache.rb:9:in `cache'
/Library/Ruby/Gems/1.8/gems/activerecord-2.3.2/lib/active_record/query_cache.rb:28:in `call'
/Library/Ruby/Gems/1.8/gems/activerecord-2.3.2/lib/active_record/connection_adapters/abstract/connection_pool.rb:361:in `call'
/Library/Ruby/Gems/1.8/gems/actionpack-2.3.2/lib/action_controller/vendor/rack-1.0/rack/head.rb:9:in `call'
/Library/Ruby/Gems/1.8/gems/actionpack-2.3.2/lib/action_controller/vendor/rack-1.0/rack/methodoverride.rb:24:in `call'
/Library/Ruby/Gems/1.8/gems/actionpack-2.3.2/lib/action_controller/params_parser.rb:15:in `call'
/Library/Ruby/Gems/1.8/gems/actionpack-2.3.2/lib/action_controller/rewindable_input.rb:25:in `call'
/Library/Ruby/Gems/1.8/gems/actionpack-2.3.2/lib/action_controller/session/cookie_store.rb:93:in `call'
/Library/Ruby/Gems/1.8/gems/actionpack-2.3.2/lib/action_controller/reloader.rb:9:in `call'
/Library/Ruby/Gems/1.8/gems/actionpack-2.3.2/lib/action_controller/failsafe.rb:11:in `call'
/Library/Ruby/Gems/1.8/gems/actionpack-2.3.2/lib/action_controller/vendor/rack-1.0/rack/lock.rb:11:in `call'
/Library/Ruby/Gems/1.8/gems/actionpack-2.3.2/lib/action_controller/vendor/rack-1.0/rack/lock.rb:11:in `synchronize'
/Library/Ruby/Gems/1.8/gems/actionpack-2.3.2/lib/action_controller/vendor/rack-1.0/rack/lock.rb:11:in `call'
/Library/Ruby/Gems/1.8/gems/actionpack-2.3.2/lib/action_controller/dispatcher.rb:106:in `call'
/Library/Ruby/Gems/1.8/gems/rails-2.3.2/lib/rails/rack/static.rb:31:in `call'
/Library/Ruby/Gems/1.8/gems/actionpack-2.3.2/lib/action_controller/vendor/rack-1.0/rack/urlmap.rb:46:in `call'
/Library/Ruby/Gems/1.8/gems/actionpack-2.3.2/lib/action_controller/vendor/rack-1.0/rack/urlmap.rb:40:in `each'
/Library/Ruby/Gems/1.8/gems/actionpack-2.3.2/lib/action_controller/vendor/rack-1.0/rack/urlmap.rb:40:in `call'
/Library/Ruby/Gems/1.8/gems/rails-2.3.2/lib/rails/rack/log_tailer.rb:17:in `call'
/Library/Ruby/Gems/1.8/gems/actionpack-2.3.2/lib/action_controller/vendor/rack-1.0/rack/content_length.rb:13:in `call'
/Library/Ruby/Gems/1.8/gems/actionpack-2.3.2/lib/action_controller/vendor/rack-1.0/rack/chunked.rb:15:in `call'
/Library/Ruby/Gems/1.8/gems/actionpack-2.3.2/lib/action_controller/vendor/rack-1.0/rack/handler/mongrel.rb:61:in `process'
/Library/Ruby/Gems/1.8/gems/mongrel-1.1.5/lib/mongrel.rb:159:in `process_client'
/Library/Ruby/Gems/1.8/gems/mongrel-1.1.5/lib/mongrel.rb:158:in `each'
/Library/Ruby/Gems/1.8/gems/mongrel-1.1.5/lib/mongrel.rb:158:in `process_client'
/Library/Ruby/Gems/1.8/gems/mongrel-1.1.5/lib/mongrel.rb:285:in `run'
/Library/Ruby/Gems/1.8/gems/mongrel-1.1.5/lib/mongrel.rb:285:in `initialize'
/Library/Ruby/Gems/1.8/gems/mongrel-1.1.5/lib/mongrel.rb:285:in `new'
/Library/Ruby/Gems/1.8/gems/mongrel-1.1.5/lib/mongrel.rb:285:in `run'
/Library/Ruby/Gems/1.8/gems/mongrel-1.1.5/lib/mongrel.rb:268:in `initialize'
/Library/Ruby/Gems/1.8/gems/mongrel-1.1.5/lib/mongrel.rb:268:in `new'
/Library/Ruby/Gems/1.8/gems/mongrel-1.1.5/lib/mongrel.rb:268:in `run'
/Library/Ruby/Gems/1.8/gems/actionpack-2.3.2/lib/action_controller/vendor/rack-1.0/rack/handler/mongrel.rb:34:in `run'
/Library/Ruby/Gems/1.8/gems/rails-2.3.2/lib/commands/server.rb:111
/Library/Ruby/Site/1.8/rubygems/custom_require.rb:31:in `gem_original_require'
/Library/Ruby/Site/1.8/rubygems/custom_require.rb:31:in `require'
script/server:3

ActionView::TemplateError (compile error
/Users/alexrothenberg/ruby/github/date_select_example/app/views/people/edit.html.erb:27: syntax error, unexpected ')'
@output_buffer.concat(( h <hi> ).to_s); @output_buffer
                                ^) on line #27 of app/views/people/edit.html.erb:
24: <%= link_to 'Back', people_path %>
25: 
26: 
27: <%= h <hi> %>

    app/views/people/edit.html.erb:30:in `compile!'

Rendered rescues/_trace (91.4ms)
Rendered rescues/_request_and_response (0.3ms)
Rendering rescues/layout (internal_server_error)


Processing PeopleController#edit (for 127.0.0.1 at 2009-05-22 13:46:10) [GET]
  Parameters: {"id"=>"1"}
  [4;36;1mPerson Load (0.2ms)[0m   [0;1mSELECT * FROM "people" WHERE ("people"."id" = 1) [0m
Rendering template within layouts/people
Rendering people/edit
Completed in 17ms (View: 13, DB: 0) | 200 OK [http://localhost/people/1/edit]


Processing PeopleController#edit (for 127.0.0.1 at 2009-05-22 13:47:30) [GET]
  Parameters: {"id"=>"1"}
  [4;35;1mPerson Load (0.2ms)[0m   [0mSELECT * FROM "people" WHERE ("people"."id" = 1) [0m
Rendering template within layouts/people
Rendering people/edit
ERROR: compiling _run_erb_app47views47people47edit46html46erb RAISED compile error
/Users/alexrothenberg/ruby/github/date_select_example/app/views/people/edit.html.erb:235: can't find string "HTML" anywhere before EOF
/Users/alexrothenberg/ruby/github/date_select_example/app/views/people/edit.html.erb:27: syntax error, unexpected $end, expecting tSTRING_CONTENT or tSTRING_DBEG or tSTRING_DVAR or tSTRING_END
Function body:           def _run_erb_app47views47people47edit46html46erb(local_assigns)
            old_output_buffer = output_buffer;;@output_buffer = '';  __in_erb_template=true ; @output_buffer.concat "<h1>Editing person</h1>\n"
@output_buffer.concat "\n"
 form_for(@person) do |f| ; @output_buffer.concat "\n"
@output_buffer.concat "  "; @output_buffer.concat(( f.error_messages ).to_s); @output_buffer.concat "\n"
@output_buffer.concat "\n"
@output_buffer.concat "  <p>\n"
@output_buffer.concat "    "; @output_buffer.concat(( f.label :name ).to_s); @output_buffer.concat "<br />\n"
@output_buffer.concat "    "; @output_buffer.concat(( f.text_field :name ).to_s); @output_buffer.concat "\n"
@output_buffer.concat "  </p>\n"
@output_buffer.concat "  <p>\n"
@output_buffer.concat "    "; @output_buffer.concat(( f.label :birthday ).to_s); @output_buffer.concat "<br />\n"
@output_buffer.concat "    "; @output_buffer.concat(( f.date_select :birthday, :start_year=>1900 ).to_s); @output_buffer.concat "\n"
@output_buffer.concat "  </p>\n"
@output_buffer.concat "  <p>\n"
@output_buffer.concat "    "; @output_buffer.concat(( f.label :anniversary ).to_s); @output_buffer.concat "<br />\n"
@output_buffer.concat "    "; @output_buffer.concat(( f.date_select :anniversary, :start_year=>1900 ).to_s); @output_buffer.concat "\n"
@output_buffer.concat "  </p>\n"
@output_buffer.concat "  <p>\n"
@output_buffer.concat "    "; @output_buffer.concat(( f.submit 'Update' ).to_s); @output_buffer.concat "\n"
@output_buffer.concat "  </p>\n"
 end ; @output_buffer.concat "\n"
@output_buffer.concat "\n"
@output_buffer.concat(( link_to 'Show', @person ).to_s); @output_buffer.concat " |\n"
@output_buffer.concat(( link_to 'Back', people_path ).to_s); @output_buffer.concat "\n"
@output_buffer.concat "\n"
@output_buffer.concat "\n"
@output_buffer.concat(( h <<-HTML
<html xmlns="http://www.w3.org/1999/xhtml">
<head>
  <title>Action Controller: Exception caught</title>
  <style>
    body { background-color: #fff; color: #333; }

    body, p, ol, ul, td {
      font-family: verdana, arial, helvetica, sans-serif;
      font-size:   13px;
      line-height: 18px;
    }

    pre {
      background-color: #eee;
      padding: 10px;
      font-size: 11px;
    }

    a { color: #000; }
    a:visited { color: #666; }
    a:hover { color: #fff; background-color:#000; }
  </style>
</head>
<body>

<h1>
  ActiveRecord::MultiparameterAssignmentErrors
  
    in PeopleController#update
  
</h1>
<pre>1 error(s) on assignment of multiparameter attributes</pre>



<p><code>RAILS_ROOT: /Users/alexrothenberg/ruby/github/date_select_example</code></p>

<div id="traces">
  
    
    <a href="#" onclick="document.getElementById('Framework-Trace').style.display='none';document.getElementById('Full-Trace').style.display='none';document.getElementById('Application-Trace').style.display='block';; return false;">Application Trace</a> |
  
    
    <a href="#" onclick="document.getElementById('Application-Trace').style.display='none';document.getElementById('Full-Trace').style.display='none';document.getElementById('Framework-Trace').style.display='block';; return false;">Framework Trace</a> |
  
    
    <a href="#" onclick="document.getElementById('Application-Trace').style.display='none';document.getElementById('Framework-Trace').style.display='none';document.getElementById('Full-Trace').style.display='block';; return false;">Full Trace</a> 
  

  
    <div id="Application-Trace" style="display: block;">
      <pre><code>/Library/Ruby/Gems/1.8/gems/activerecord-2.3.2/lib/active_record/base.rb:3061:in `execute_callstack_for_multiparameter_attributes'
/Library/Ruby/Gems/1.8/gems/activerecord-2.3.2/lib/active_record/base.rb:3022:in `assign_multiparameter_attributes'
/Library/Ruby/Gems/1.8/gems/activerecord-2.3.2/lib/active_record/base.rb:2749:in `attributes='
/Library/Ruby/Gems/1.8/gems/activerecord-2.3.2/lib/active_record/base.rb:2627:in `update_attributes'
/Library/Ruby/Gems/1.8/gems/actionpack-2.3.2/lib/action_controller/mime_responds.rb:106:in `call'
/Library/Ruby/Gems/1.8/gems/actionpack-2.3.2/lib/action_controller/mime_responds.rb:106:in `respond_to'
/Library/Ruby/Gems/1.8/gems/actionpack-2.3.2/lib/action_controller/base.rb:1322:in `send'
/Library/Ruby/Gems/1.8/gems/actionpack-2.3.2/lib/action_controller/base.rb:1322:in `perform_action_without_filters'
/Library/Ruby/Gems/1.8/gems/actionpack-2.3.2/lib/action_controller/filters.rb:617:in `call_filters'
/Library/Ruby/Gems/1.8/gems/actionpack-2.3.2/lib/action_controller/filters.rb:610:in `perform_action_without_benchmark'
/Library/Ruby/Gems/1.8/gems/actionpack-2.3.2/lib/action_controller/benchmarking.rb:68:in `perform_action_without_rescue'
/Library/Ruby/Gems/1.8/gems/activesupport-2.3.2/lib/active_support/core_ext/benchmark.rb:17:in `ms'
/Library/Ruby/Gems/1.8/gems/activesupport-2.3.2/lib/active_support/core_ext/benchmark.rb:10:in `realtime'
/Library/Ruby/Gems/1.8/gems/activesupport-2.3.2/lib/active_support/core_ext/benchmark.rb:17:in `ms'
/Library/Ruby/Gems/1.8/gems/actionpack-2.3.2/lib/action_controller/benchmarking.rb:68:in `perform_action_without_rescue'
/Library/Ruby/Gems/1.8/gems/actionpack-2.3.2/lib/action_controller/rescue.rb:160:in `perform_action_without_flash'
/Library/Ruby/Gems/1.8/gems/actionpack-2.3.2/lib/action_controller/flash.rb:141:in `perform_action'
/Library/Ruby/Gems/1.8/gems/actionpack-2.3.2/lib/action_controller/base.rb:523:in `send'
/Library/Ruby/Gems/1.8/gems/actionpack-2.3.2/lib/action_controller/base.rb:523:in `process_without_filters'
/Library/Ruby/Gems/1.8/gems/actionpack-2.3.2/lib/action_controller/filters.rb:606:in `process'
/Library/Ruby/Gems/1.8/gems/actionpack-2.3.2/lib/action_controller/base.rb:391:in `process'
/Library/Ruby/Gems/1.8/gems/actionpack-2.3.2/lib/action_controller/base.rb:386:in `call'
/Library/Ruby/Gems/1.8/gems/actionpack-2.3.2/lib/action_controller/routing/route_set.rb:433:in `call'</code></pre>
    </div>
  
    <div id="Framework-Trace" style="display: none;">
      <pre><code>/Users/alexrothenberg/ruby/github/date_select_example/app/controllers/people_controller.rb:63:in `update'
/Users/alexrothenberg/ruby/github/date_select_example/app/controllers/people_controller.rb:62:in `update'
/Library/Ruby/Gems/1.8/gems/actionpack-2.3.2/lib/action_controller/dispatcher.rb:88:in `dispatch'
/Library/Ruby/Gems/1.8/gems/actionpack-2.3.2/lib/action_controller/dispatcher.rb:111:in `_call'
/Library/Ruby/Gems/1.8/gems/actionpack-2.3.2/lib/action_controller/dispatcher.rb:82:in `initialize'
/Library/Ruby/Gems/1.8/gems/actionpack-2.3.2/lib/action_controller/vendor/rack-1.0/rack/head.rb:9:in `call'
/Library/Ruby/Gems/1.8/gems/actionpack-2.3.2/lib/action_controller/vendor/rack-1.0/rack/methodoverride.rb:24:in `call'
/Library/Ruby/Gems/1.8/gems/actionpack-2.3.2/lib/action_controller/vendor/rack-1.0/rack/lock.rb:11:in `call'
/Library/Ruby/Gems/1.8/gems/actionpack-2.3.2/lib/action_controller/vendor/rack-1.0/rack/lock.rb:11:in `synchronize'
/Library/Ruby/Gems/1.8/gems/actionpack-2.3.2/lib/action_controller/vendor/rack-1.0/rack/lock.rb:11:in `call'
/Library/Ruby/Gems/1.8/gems/actionpack-2.3.2/lib/action_controller/dispatcher.rb:106:in `call'
/Library/Ruby/Gems/1.8/gems/actionpack-2.3.2/lib/action_controller/vendor/rack-1.0/rack/urlmap.rb:46:in `call'
/Library/Ruby/Gems/1.8/gems/actionpack-2.3.2/lib/action_controller/vendor/rack-1.0/rack/urlmap.rb:40:in `each'
/Library/Ruby/Gems/1.8/gems/actionpack-2.3.2/lib/action_controller/vendor/rack-1.0/rack/urlmap.rb:40:in `call'
/Library/Ruby/Gems/1.8/gems/actionpack-2.3.2/lib/action_controller/vendor/rack-1.0/rack/content_length.rb:13:in `call'
/Library/Ruby/Gems/1.8/gems/actionpack-2.3.2/lib/action_controller/vendor/rack-1.0/rack/chunked.rb:15:in `call'
/Library/Ruby/Gems/1.8/gems/actionpack-2.3.2/lib/action_controller/vendor/rack-1.0/rack/handler/mongrel.rb:61:in `process'
/Library/Ruby/Gems/1.8/gems/actionpack-2.3.2/lib/action_controller/vendor/rack-1.0/rack/handler/mongrel.rb:34:in `run'
/Library/Ruby/Site/1.8/rubygems/custom_require.rb:31:in `gem_original_require'
/Library/Ruby/Site/1.8/rubygems/custom_require.rb:31:in `require'
script/server:3</code></pre>
    </div>
  
    <div id="Full-Trace" style="display: none;">
      <pre><code>/Library/Ruby/Gems/1.8/gems/activerecord-2.3.2/lib/active_record/base.rb:3061:in `execute_callstack_for_multiparameter_attributes'
/Library/Ruby/Gems/1.8/gems/activerecord-2.3.2/lib/active_record/base.rb:3022:in `assign_multiparameter_attributes'
/Library/Ruby/Gems/1.8/gems/activerecord-2.3.2/lib/active_record/base.rb:2749:in `attributes='
/Library/Ruby/Gems/1.8/gems/activerecord-2.3.2/lib/active_record/base.rb:2627:in `update_attributes'
/Users/alexrothenberg/ruby/github/date_select_example/app/controllers/people_controller.rb:63:in `update'
/Library/Ruby/Gems/1.8/gems/actionpack-2.3.2/lib/action_controller/mime_responds.rb:106:in `call'
/Library/Ruby/Gems/1.8/gems/actionpack-2.3.2/lib/action_controller/mime_responds.rb:106:in `respond_to'
/Users/alexrothenberg/ruby/github/date_select_example/app/controllers/people_controller.rb:62:in `update'
/Library/Ruby/Gems/1.8/gems/actionpack-2.3.2/lib/action_controller/base.rb:1322:in `send'
/Library/Ruby/Gems/1.8/gems/actionpack-2.3.2/lib/action_controller/base.rb:1322:in `perform_action_without_filters'
/Library/Ruby/Gems/1.8/gems/actionpack-2.3.2/lib/action_controller/filters.rb:617:in `call_filters'
/Library/Ruby/Gems/1.8/gems/actionpack-2.3.2/lib/action_controller/filters.rb:610:in `perform_action_without_benchmark'
/Library/Ruby/Gems/1.8/gems/actionpack-2.3.2/lib/action_controller/benchmarking.rb:68:in `perform_action_without_rescue'
/Library/Ruby/Gems/1.8/gems/activesupport-2.3.2/lib/active_support/core_ext/benchmark.rb:17:in `ms'
/Library/Ruby/Gems/1.8/gems/activesupport-2.3.2/lib/active_support/core_ext/benchmark.rb:10:in `realtime'
/Library/Ruby/Gems/1.8/gems/activesupport-2.3.2/lib/active_support/core_ext/benchmark.rb:17:in `ms'
/Library/Ruby/Gems/1.8/gems/actionpack-2.3.2/lib/action_controller/benchmarking.rb:68:in `perform_action_without_rescue'
/Library/Ruby/Gems/1.8/gems/actionpack-2.3.2/lib/action_controller/rescue.rb:160:in `perform_action_without_flash'
/Library/Ruby/Gems/1.8/gems/actionpack-2.3.2/lib/action_controller/flash.rb:141:in `perform_action'
/Library/Ruby/Gems/1.8/gems/actionpack-2.3.2/lib/action_controller/base.rb:523:in `send'
/Library/Ruby/Gems/1.8/gems/actionpack-2.3.2/lib/action_controller/base.rb:523:in `process_without_filters'
/Library/Ruby/Gems/1.8/gems/actionpack-2.3.2/lib/action_controller/filters.rb:606:in `process'
/Library/Ruby/Gems/1.8/gems/actionpack-2.3.2/lib/action_controller/base.rb:391:in `process'
/Library/Ruby/Gems/1.8/gems/actionpack-2.3.2/lib/action_controller/base.rb:386:in `call'
/Library/Ruby/Gems/1.8/gems/actionpack-2.3.2/lib/action_controller/routing/route_set.rb:433:in `call'
/Library/Ruby/Gems/1.8/gems/actionpack-2.3.2/lib/action_controller/dispatcher.rb:88:in `dispatch'
/Library/Ruby/Gems/1.8/gems/actionpack-2.3.2/lib/action_controller/dispatcher.rb:111:in `_call'
/Library/Ruby/Gems/1.8/gems/actionpack-2.3.2/lib/action_controller/dispatcher.rb:82:in `initialize'
/Library/Ruby/Gems/1.8/gems/activerecord-2.3.2/lib/active_record/query_cache.rb:29:in `call'
/Library/Ruby/Gems/1.8/gems/activerecord-2.3.2/lib/active_record/query_cache.rb:29:in `call'
/Library/Ruby/Gems/1.8/gems/activerecord-2.3.2/lib/active_record/connection_adapters/abstract/query_cache.rb:34:in `cache'
/Library/Ruby/Gems/1.8/gems/activerecord-2.3.2/lib/active_record/query_cache.rb:9:in `cache'
/Library/Ruby/Gems/1.8/gems/activerecord-2.3.2/lib/active_record/query_cache.rb:28:in `call'
/Library/Ruby/Gems/1.8/gems/activerecord-2.3.2/lib/active_record/connection_adapters/abstract/connection_pool.rb:361:in `call'
/Library/Ruby/Gems/1.8/gems/actionpack-2.3.2/lib/action_controller/vendor/rack-1.0/rack/head.rb:9:in `call'
/Library/Ruby/Gems/1.8/gems/actionpack-2.3.2/lib/action_controller/vendor/rack-1.0/rack/methodoverride.rb:24:in `call'
/Library/Ruby/Gems/1.8/gems/actionpack-2.3.2/lib/action_controller/params_parser.rb:15:in `call'
/Library/Ruby/Gems/1.8/gems/actionpack-2.3.2/lib/action_controller/rewindable_input.rb:25:in `call'
/Library/Ruby/Gems/1.8/gems/actionpack-2.3.2/lib/action_controller/session/cookie_store.rb:93:in `call'
/Library/Ruby/Gems/1.8/gems/actionpack-2.3.2/lib/action_controller/reloader.rb:9:in `call'
/Library/Ruby/Gems/1.8/gems/actionpack-2.3.2/lib/action_controller/failsafe.rb:11:in `call'
/Library/Ruby/Gems/1.8/gems/actionpack-2.3.2/lib/action_controller/vendor/rack-1.0/rack/lock.rb:11:in `call'
/Library/Ruby/Gems/1.8/gems/actionpack-2.3.2/lib/action_controller/vendor/rack-1.0/rack/lock.rb:11:in `synchronize'
/Library/Ruby/Gems/1.8/gems/actionpack-2.3.2/lib/action_controller/vendor/rack-1.0/rack/lock.rb:11:in `call'
/Library/Ruby/Gems/1.8/gems/actionpack-2.3.2/lib/action_controller/dispatcher.rb:106:in `call'
/Library/Ruby/Gems/1.8/gems/rails-2.3.2/lib/rails/rack/static.rb:31:in `call'
/Library/Ruby/Gems/1.8/gems/actionpack-2.3.2/lib/action_controller/vendor/rack-1.0/rack/urlmap.rb:46:in `call'
/Library/Ruby/Gems/1.8/gems/actionpack-2.3.2/lib/action_controller/vendor/rack-1.0/rack/urlmap.rb:40:in `each'
/Library/Ruby/Gems/1.8/gems/actionpack-2.3.2/lib/action_controller/vendor/rack-1.0/rack/urlmap.rb:40:in `call'
/Library/Ruby/Gems/1.8/gems/rails-2.3.2/lib/rails/rack/log_tailer.rb:17:in `call'
/Library/Ruby/Gems/1.8/gems/actionpack-2.3.2/lib/action_controller/vendor/rack-1.0/rack/content_length.rb:13:in `call'
/Library/Ruby/Gems/1.8/gems/actionpack-2.3.2/lib/action_controller/vendor/rack-1.0/rack/chunked.rb:15:in `call'
/Library/Ruby/Gems/1.8/gems/actionpack-2.3.2/lib/action_controller/vendor/rack-1.0/rack/handler/mongrel.rb:61:in `process'
/Library/Ruby/Gems/1.8/gems/mongrel-1.1.5/lib/mongrel.rb:159:in `process_client'
/Library/Ruby/Gems/1.8/gems/mongrel-1.1.5/lib/mongrel.rb:158:in `each'
/Library/Ruby/Gems/1.8/gems/mongrel-1.1.5/lib/mongrel.rb:158:in `process_client'
/Library/Ruby/Gems/1.8/gems/mongrel-1.1.5/lib/mongrel.rb:285:in `run'
/Library/Ruby/Gems/1.8/gems/mongrel-1.1.5/lib/mongrel.rb:285:in `initialize'
/Library/Ruby/Gems/1.8/gems/mongrel-1.1.5/lib/mongrel.rb:285:in `new'
/Library/Ruby/Gems/1.8/gems/mongrel-1.1.5/lib/mongrel.rb:285:in `run'
/Library/Ruby/Gems/1.8/gems/mongrel-1.1.5/lib/mongrel.rb:268:in `initialize'
/Library/Ruby/Gems/1.8/gems/mongrel-1.1.5/lib/mongrel.rb:268:in `new'
/Library/Ruby/Gems/1.8/gems/mongrel-1.1.5/lib/mongrel.rb:268:in `run'
/Library/Ruby/Gems/1.8/gems/actionpack-2.3.2/lib/action_controller/vendor/rack-1.0/rack/handler/mongrel.rb:34:in `run'
/Library/Ruby/Gems/1.8/gems/rails-2.3.2/lib/commands/server.rb:111
/Library/Ruby/Site/1.8/rubygems/custom_require.rb:31:in `gem_original_require'
/Library/Ruby/Site/1.8/rubygems/custom_require.rb:31:in `require'
script/server:3</code></pre>
    </div>
  
</div>






<h2 style="margin-top: 30px">Request</h2>
<p><b>Parameters</b>: <pre>{&quot;commit&quot;=&gt;&quot;Update&quot;,
 &quot;_method&quot;=&gt;&quot;put&quot;,
 &quot;authenticity_token&quot;=&gt;&quot;qezkVq+MNzFuXxFBJ/GaSoh2BNdxM6oF3H7JP5beFFE=&quot;,
 &quot;id&quot;=&gt;&quot;1&quot;,
 &quot;person&quot;=&gt;{&quot;name&quot;=&gt;&quot;Barack Obama&quot;,
 &quot;birthday(2i)&quot;=&gt;&quot;8&quot;,
 &quot;birthday(3i)&quot;=&gt;&quot;4&quot;,
 &quot;anniversary(1i)&quot;=&gt;&quot;1992&quot;,
 &quot;anniversary(2i)&quot;=&gt;&quot;10&quot;,
 &quot;anniversary(3i)&quot;=&gt;&quot;3&quot;,
 &quot;birthday(1i)&quot;=&gt;&quot;1960&quot;}}</pre></p>

<p><a href="#" onclick="document.getElementById('session_dump').style.display='block'; return false;">Show session dump</a></p>
<div id="session_dump" style="display:none"><pre class='debug_dump'>--- 
</pre></div>


<h2 style="margin-top: 30px">Response</h2>
<p><b>Headers</b>: <pre>{&quot;Content-Type&quot;=&gt;&quot;&quot;,
 &quot;Cache-Control&quot;=&gt;&quot;no-cache&quot;}</pre></p>



</body>
</html>
HTML ).to_s); @output_buffer
          ensure
            self.output_buffer = old_output_buffer
          end
Backtrace: /Users/alexrothenberg/ruby/github/date_select_example/app/views/people/edit.html.erb:27:in `compile!'
/Library/Ruby/Gems/1.8/gems/actionpack-2.3.2/lib/action_view/renderable.rb:61:in `compile'
/Library/Ruby/Gems/1.8/gems/actionpack-2.3.2/lib/action_view/renderable.rb:28:in `render'
/Library/Ruby/Gems/1.8/gems/actionpack-2.3.2/lib/action_view/template.rb:194:in `render_template'
/Library/Ruby/Gems/1.8/gems/actionpack-2.3.2/lib/action_view/base.rb:260:in `render'
/Library/Ruby/Gems/1.8/gems/actionpack-2.3.2/lib/action_view/base.rb:343:in `_render_with_layout'
/Library/Ruby/Gems/1.8/gems/actionpack-2.3.2/lib/action_view/base.rb:257:in `render'
/Library/Ruby/Gems/1.8/gems/actionpack-2.3.2/lib/action_controller/base.rb:1241:in `render_for_file'
/Library/Ruby/Gems/1.8/gems/actionpack-2.3.2/lib/action_controller/base.rb:937:in `render_without_benchmark'
/Library/Ruby/Gems/1.8/gems/actionpack-2.3.2/lib/action_controller/benchmarking.rb:51:in `render'
/Library/Ruby/Gems/1.8/gems/activesupport-2.3.2/lib/active_support/core_ext/benchmark.rb:17:in `ms'
/Library/Ruby/Gems/1.8/gems/activesupport-2.3.2/lib/active_support/core_ext/benchmark.rb:10:in `realtime'
/Library/Ruby/Gems/1.8/gems/activesupport-2.3.2/lib/active_support/core_ext/benchmark.rb:17:in `ms'
/Library/Ruby/Gems/1.8/gems/actionpack-2.3.2/lib/action_controller/benchmarking.rb:51:in `render'
/Library/Ruby/Gems/1.8/gems/actionpack-2.3.2/lib/action_controller/base.rb:1317:in `default_render'
/Library/Ruby/Gems/1.8/gems/actionpack-2.3.2/lib/action_controller/base.rb:1323:in `perform_action_without_filters'
/Library/Ruby/Gems/1.8/gems/actionpack-2.3.2/lib/action_controller/filters.rb:617:in `call_filters'
/Library/Ruby/Gems/1.8/gems/actionpack-2.3.2/lib/action_controller/filters.rb:610:in `perform_action_without_benchmark'
/Library/Ruby/Gems/1.8/gems/actionpack-2.3.2/lib/action_controller/benchmarking.rb:68:in `perform_action_without_rescue'
/Library/Ruby/Gems/1.8/gems/activesupport-2.3.2/lib/active_support/core_ext/benchmark.rb:17:in `ms'
/Library/Ruby/Gems/1.8/gems/activesupport-2.3.2/lib/active_support/core_ext/benchmark.rb:10:in `realtime'
/Library/Ruby/Gems/1.8/gems/activesupport-2.3.2/lib/active_support/core_ext/benchmark.rb:17:in `ms'
/Library/Ruby/Gems/1.8/gems/actionpack-2.3.2/lib/action_controller/benchmarking.rb:68:in `perform_action_without_rescue'
/Library/Ruby/Gems/1.8/gems/actionpack-2.3.2/lib/action_controller/rescue.rb:160:in `perform_action_without_flash'
/Library/Ruby/Gems/1.8/gems/actionpack-2.3.2/lib/action_controller/flash.rb:141:in `perform_action'
/Library/Ruby/Gems/1.8/gems/actionpack-2.3.2/lib/action_controller/base.rb:523:in `send'
/Library/Ruby/Gems/1.8/gems/actionpack-2.3.2/lib/action_controller/base.rb:523:in `process_without_filters'
/Library/Ruby/Gems/1.8/gems/actionpack-2.3.2/lib/action_controller/filters.rb:606:in `process'
/Library/Ruby/Gems/1.8/gems/actionpack-2.3.2/lib/action_controller/base.rb:391:in `process'
/Library/Ruby/Gems/1.8/gems/actionpack-2.3.2/lib/action_controller/base.rb:386:in `call'
/Library/Ruby/Gems/1.8/gems/actionpack-2.3.2/lib/action_controller/routing/route_set.rb:433:in `call'
/Library/Ruby/Gems/1.8/gems/actionpack-2.3.2/lib/action_controller/dispatcher.rb:88:in `dispatch'
/Library/Ruby/Gems/1.8/gems/actionpack-2.3.2/lib/action_controller/dispatcher.rb:111:in `_call'
/Library/Ruby/Gems/1.8/gems/actionpack-2.3.2/lib/action_controller/dispatcher.rb:82:in `initialize'
/Library/Ruby/Gems/1.8/gems/activerecord-2.3.2/lib/active_record/query_cache.rb:29:in `call'
/Library/Ruby/Gems/1.8/gems/activerecord-2.3.2/lib/active_record/query_cache.rb:29:in `call'
/Library/Ruby/Gems/1.8/gems/activerecord-2.3.2/lib/active_record/connection_adapters/abstract/query_cache.rb:34:in `cache'
/Library/Ruby/Gems/1.8/gems/activerecord-2.3.2/lib/active_record/query_cache.rb:9:in `cache'
/Library/Ruby/Gems/1.8/gems/activerecord-2.3.2/lib/active_record/query_cache.rb:28:in `call'
/Library/Ruby/Gems/1.8/gems/activerecord-2.3.2/lib/active_record/connection_adapters/abstract/connection_pool.rb:361:in `call'
/Library/Ruby/Gems/1.8/gems/actionpack-2.3.2/lib/action_controller/vendor/rack-1.0/rack/head.rb:9:in `call'
/Library/Ruby/Gems/1.8/gems/actionpack-2.3.2/lib/action_controller/vendor/rack-1.0/rack/methodoverride.rb:24:in `call'
/Library/Ruby/Gems/1.8/gems/actionpack-2.3.2/lib/action_controller/params_parser.rb:15:in `call'
/Library/Ruby/Gems/1.8/gems/actionpack-2.3.2/lib/action_controller/rewindable_input.rb:25:in `call'
/Library/Ruby/Gems/1.8/gems/actionpack-2.3.2/lib/action_controller/session/cookie_store.rb:93:in `call'
/Library/Ruby/Gems/1.8/gems/actionpack-2.3.2/lib/action_controller/reloader.rb:9:in `call'
/Library/Ruby/Gems/1.8/gems/actionpack-2.3.2/lib/action_controller/failsafe.rb:11:in `call'
/Library/Ruby/Gems/1.8/gems/actionpack-2.3.2/lib/action_controller/vendor/rack-1.0/rack/lock.rb:11:in `call'
/Library/Ruby/Gems/1.8/gems/actionpack-2.3.2/lib/action_controller/vendor/rack-1.0/rack/lock.rb:11:in `synchronize'
/Library/Ruby/Gems/1.8/gems/actionpack-2.3.2/lib/action_controller/vendor/rack-1.0/rack/lock.rb:11:in `call'
/Library/Ruby/Gems/1.8/gems/actionpack-2.3.2/lib/action_controller/dispatcher.rb:106:in `call'
/Library/Ruby/Gems/1.8/gems/rails-2.3.2/lib/rails/rack/static.rb:31:in `call'
/Library/Ruby/Gems/1.8/gems/actionpack-2.3.2/lib/action_controller/vendor/rack-1.0/rack/urlmap.rb:46:in `call'
/Library/Ruby/Gems/1.8/gems/actionpack-2.3.2/lib/action_controller/vendor/rack-1.0/rack/urlmap.rb:40:in `each'
/Library/Ruby/Gems/1.8/gems/actionpack-2.3.2/lib/action_controller/vendor/rack-1.0/rack/urlmap.rb:40:in `call'
/Library/Ruby/Gems/1.8/gems/rails-2.3.2/lib/rails/rack/log_tailer.rb:17:in `call'
/Library/Ruby/Gems/1.8/gems/actionpack-2.3.2/lib/action_controller/vendor/rack-1.0/rack/content_length.rb:13:in `call'
/Library/Ruby/Gems/1.8/gems/actionpack-2.3.2/lib/action_controller/vendor/rack-1.0/rack/chunked.rb:15:in `call'
/Library/Ruby/Gems/1.8/gems/actionpack-2.3.2/lib/action_controller/vendor/rack-1.0/rack/handler/mongrel.rb:61:in `process'
/Library/Ruby/Gems/1.8/gems/mongrel-1.1.5/lib/mongrel.rb:159:in `process_client'
/Library/Ruby/Gems/1.8/gems/mongrel-1.1.5/lib/mongrel.rb:158:in `each'
/Library/Ruby/Gems/1.8/gems/mongrel-1.1.5/lib/mongrel.rb:158:in `process_client'
/Library/Ruby/Gems/1.8/gems/mongrel-1.1.5/lib/mongrel.rb:285:in `run'
/Library/Ruby/Gems/1.8/gems/mongrel-1.1.5/lib/mongrel.rb:285:in `initialize'
/Library/Ruby/Gems/1.8/gems/mongrel-1.1.5/lib/mongrel.rb:285:in `new'
/Library/Ruby/Gems/1.8/gems/mongrel-1.1.5/lib/mongrel.rb:285:in `run'
/Library/Ruby/Gems/1.8/gems/mongrel-1.1.5/lib/mongrel.rb:268:in `initialize'
/Library/Ruby/Gems/1.8/gems/mongrel-1.1.5/lib/mongrel.rb:268:in `new'
/Library/Ruby/Gems/1.8/gems/mongrel-1.1.5/lib/mongrel.rb:268:in `run'
/Library/Ruby/Gems/1.8/gems/actionpack-2.3.2/lib/action_controller/vendor/rack-1.0/rack/handler/mongrel.rb:34:in `run'
/Library/Ruby/Gems/1.8/gems/rails-2.3.2/lib/commands/server.rb:111
/Library/Ruby/Site/1.8/rubygems/custom_require.rb:31:in `gem_original_require'
/Library/Ruby/Site/1.8/rubygems/custom_require.rb:31:in `require'
script/server:3

ActionView::TemplateError (compile error
/Users/alexrothenberg/ruby/github/date_select_example/app/views/people/edit.html.erb:235: can't find string "HTML" anywhere before EOF
/Users/alexrothenberg/ruby/github/date_select_example/app/views/people/edit.html.erb:27: syntax error, unexpected $end, expecting tSTRING_CONTENT or tSTRING_DBEG or tSTRING_DVAR or tSTRING_END) on line #235 of app/views/people/edit.html.erb:
232: HTML %>

    app/views/people/edit.html.erb:27:in `compile!'

Rendered rescues/_trace (32.4ms)
Rendered rescues/_request_and_response (0.3ms)
Rendering rescues/layout (internal_server_error)


Processing PeopleController#edit (for 127.0.0.1 at 2009-05-22 13:47:56) [GET]
  Parameters: {"id"=>"1"}
  [4;36;1mPerson Load (0.2ms)[0m   [0;1mSELECT * FROM "people" WHERE ("people"."id" = 1) [0m
Rendering template within layouts/people
Rendering people/edit
Completed in 22ms (View: 18, DB: 0) | 200 OK [http://localhost/people/1/edit]


Processing PeopleController#update (for 127.0.0.1 at 2009-05-22 13:52:36) [PUT]
  Parameters: {"commit"=>"Update", "authenticity_token"=>"qezkVq+MNzFuXxFBJ/GaSoh2BNdxM6oF3H7JP5beFFE=", "id"=>"1", "person"=>{"birthday(2i)"=>"8", "name"=>"Barack Obama", "birthday(3i)"=>"4", "anniversary(1i)"=>"2009", "anniversary(2i)"=>"5", "anniversary(3i)"=>"22", "birthday(1i)"=>"1960"}}
  [4;35;1mPerson Load (0.2ms)[0m   [0mSELECT * FROM "people" WHERE ("people"."id" = 1) [0m

ActiveRecord::MultiparameterAssignmentErrors (1 error(s) on assignment of multiparameter attributes):
  app/controllers/people_controller.rb:63:in `update'
  app/controllers/people_controller.rb:62:in `update'

Rendered rescues/_trace (88.8ms)
Rendered rescues/_request_and_response (0.4ms)
Rendering rescues/layout (internal_server_error)


Processing PeopleController#update (for 127.0.0.1 at 2009-05-22 15:22:58) [PUT]
  Parameters: {"commit"=>"Update", "authenticity_token"=>"qezkVq+MNzFuXxFBJ/GaSoh2BNdxM6oF3H7JP5beFFE=", "id"=>"1", "person"=>{"birthday(2i)"=>"8", "name"=>"Barack Obama", "birthday(3i)"=>"4", "anniversary(1i)"=>"2009", "anniversary(2i)"=>"5", "anniversary(3i)"=>"22", "birthday(1i)"=>"1960"}}
  [4;36;1mPerson Load (0.2ms)[0m   [0;1mSELECT * FROM "people" WHERE ("people"."id" = 1) [0m
  [4;35;1mPerson Update (0.3ms)[0m   [0mUPDATE "people" SET "anniversary" = '2009-05-22', "updated_at" = '2009-05-22 19:22:58' WHERE "id" = 1[0m
Redirected to http://localhost:3000/people/1
Completed in 23ms (DB: 1) | 302 Found [http://localhost/people/1]


Processing PeopleController#show (for 127.0.0.1 at 2009-05-22 15:22:59) [GET]
  Parameters: {"id"=>"1"}
  [4;36;1mPerson Load (0.2ms)[0m   [0;1mSELECT * FROM "people" WHERE ("people"."id" = 1) [0m
Rendering template within layouts/people
Rendering people/show
Completed in 7ms (View: 2, DB: 0) | 200 OK [http://localhost/people/1]


Processing PeopleController#edit (for 127.0.0.1 at 2009-05-22 15:23:04) [GET]
  Parameters: {"id"=>"1"}
  [4;35;1mPerson Load (0.2ms)[0m   [0mSELECT * FROM "people" WHERE ("people"."id" = 1) [0m
Rendering template within layouts/people
Rendering people/edit

ActionView::TemplateError (undefined method `day' for "2009-05-22":String) on line #16 of app/views/people/edit.html.erb:
13:   </p>
14:   <p>
15:     <%= f.label :anniversary %><br />
16:     <%= f.date_select :anniversary, :start_year=>1900 %>
17:   </p>
18:   <p>
19:     <%= f.submit 'Update' %>

    app/views/people/edit.html.erb:16
    app/views/people/edit.html.erb:3

Rendered rescues/_trace (41.5ms)
Rendered rescues/_request_and_response (0.3ms)
Rendering rescues/layout (internal_server_error)


Processing PeopleController#edit (for 127.0.0.1 at 2009-05-22 15:42:16) [GET]
  Parameters: {"id"=>"1"}
  [4;36;1mPerson Load (0.2ms)[0m   [0;1mSELECT * FROM "people" WHERE ("people"."id" = 1) [0m
Rendering template within layouts/people
Rendering people/edit

ActionView::TemplateError (undefined method `day' for "2009-05-22":String) on line #16 of app/views/people/edit.html.erb:
13:   </p>
14:   <p>
15:     <%= f.label :anniversary %><br />
16:     <%= f.date_select :anniversary, :start_year=>1900 %>
17:   </p>
18:   <p>
19:     <%= f.submit 'Update' %>

    app/views/people/edit.html.erb:16
    app/views/people/edit.html.erb:3

Rendered rescues/_trace (43.8ms)
Rendered rescues/_request_and_response (0.2ms)
Rendering rescues/layout (internal_server_error)


Processing PeopleController#index (for 127.0.0.1 at 2009-05-22 15:42:33) [GET]
  [4;35;1mPerson Load (0.2ms)[0m   [0mSELECT * FROM "people" [0m
Rendering template within layouts/people
Rendering people/index
Completed in 10ms (View: 5, DB: 0) | 200 OK [http://localhost/people/]


Processing PeopleController#edit (for 127.0.0.1 at 2009-05-22 15:42:35) [GET]
  Parameters: {"id"=>"1"}
  [4;36;1mPerson Load (0.2ms)[0m   [0;1mSELECT * FROM "people" WHERE ("people"."id" = 1) [0m
Rendering template within layouts/people
Rendering people/edit

ActionView::TemplateError (undefined method `day' for "2009-05-22":String) on line #16 of app/views/people/edit.html.erb:
13:   </p>
14:   <p>
15:     <%= f.label :anniversary %><br />
16:     <%= f.date_select :anniversary, :start_year=>1900 %>
17:   </p>
18:   <p>
19:     <%= f.submit 'Update' %>

    app/views/people/edit.html.erb:16
    app/views/people/edit.html.erb:3

Rendered rescues/_trace (100.0ms)
Rendered rescues/_request_and_response (0.3ms)
Rendering rescues/layout (internal_server_error)


Processing PeopleController#edit (for 127.0.0.1 at 2009-05-22 15:43:03) [GET]
  Parameters: {"id"=>"1"}
  [4;35;1mPerson Load (0.2ms)[0m   [0mSELECT * FROM "people" WHERE ("people"."id" = 1) [0m
Rendering template within layouts/people
Rendering people/edit
Completed in 14ms (View: 10, DB: 0) | 200 OK [http://localhost/people/1/edit]


Processing PeopleController#update (for 127.0.0.1 at 2009-05-22 15:43:14) [PUT]
  Parameters: {"commit"=>"Update", "authenticity_token"=>"qezkVq+MNzFuXxFBJ/GaSoh2BNdxM6oF3H7JP5beFFE=", "id"=>"1", "person"=>{"birthday(2i)"=>"8", "name"=>"Barack Obama", "birthday(3i)"=>"4", "anniversary(1i)"=>"1992", "anniversary(2i)"=>"10", "anniversary(3i)"=>"22", "birthday(1i)"=>"1960"}}
  [4;36;1mPerson Load (0.2ms)[0m   [0;1mSELECT * FROM "people" WHERE ("people"."id" = 1) [0m
  [4;35;1mPerson Update (0.3ms)[0m   [0mUPDATE "people" SET "anniversary" = '1992-10-22', "updated_at" = '2009-05-22 19:43:14' WHERE "id" = 1[0m
Redirected to http://localhost:3000/people/1
Completed in 21ms (DB: 1) | 302 Found [http://localhost/people/1]


Processing PeopleController#show (for 127.0.0.1 at 2009-05-22 15:43:14) [GET]
  Parameters: {"id"=>"1"}
  [4;36;1mPerson Load (0.2ms)[0m   [0;1mSELECT * FROM "people" WHERE ("people"."id" = 1) [0m
Rendering template within layouts/people
Rendering people/show
Completed in 8ms (View: 3, DB: 0) | 200 OK [http://localhost/people/1]


Processing PeopleController#edit (for 127.0.0.1 at 2009-05-22 15:43:16) [GET]
  Parameters: {"id"=>"1"}
  [4;35;1mPerson Load (0.2ms)[0m   [0mSELECT * FROM "people" WHERE ("people"."id" = 1) [0m
Rendering template within layouts/people
Rendering people/edit
Completed in 14ms (View: 9, DB: 0) | 200 OK [http://localhost/people/1/edit]


Processing PeopleController#update (for 127.0.0.1 at 2009-05-22 15:44:20) [PUT]
  Parameters: {"commit"=>"Update", "authenticity_token"=>"qezkVq+MNzFuXxFBJ/GaSoh2BNdxM6oF3H7JP5beFFE=", "id"=>"1", "person"=>{"birthday(2i)"=>"8", "name"=>"Barack Obama", "birthday(3i)"=>"4", "anniversary(1i)"=>"1992", "anniversary(2i)"=>"10", "anniversary(3i)"=>"3", "birthday(1i)"=>"1960"}}
  [4;36;1mPerson Load (0.2ms)[0m   [0;1mSELECT * FROM "people" WHERE ("people"."id" = 1) [0m
  [4;35;1mPerson Update (0.3ms)[0m   [0mUPDATE "people" SET "anniversary" = '1992-10-03', "updated_at" = '2009-05-22 19:44:20' WHERE "id" = 1[0m
Redirected to http://localhost:3000/people/1
Completed in 20ms (DB: 1) | 302 Found [http://localhost/people/1]


Processing PeopleController#show (for 127.0.0.1 at 2009-05-22 15:44:20) [GET]
  Parameters: {"id"=>"1"}
  [4;36;1mPerson Load (0.2ms)[0m   [0;1mSELECT * FROM "people" WHERE ("people"."id" = 1) [0m
Rendering template within layouts/people
Rendering people/show
Completed in 8ms (View: 2, DB: 0) | 200 OK [http://localhost/people/1]


Processing PeopleController#show (for 127.0.0.1 at 2009-05-22 15:44:22) [GET]
  Parameters: {"id"=>"1"}
  [4;35;1mPerson Load (0.2ms)[0m   [0mSELECT * FROM "people" WHERE ("people"."id" = 1) [0m
Rendering template within layouts/people
Rendering people/show
Completed in 7ms (View: 2, DB: 0) | 200 OK [http://localhost/people/1]


Processing PeopleController#show (for 127.0.0.1 at 2009-05-22 15:44:34) [GET]
  Parameters: {"id"=>"1"}
  [4;36;1mPerson Load (0.2ms)[0m   [0;1mSELECT * FROM "people" WHERE ("people"."id" = 1) [0m
Rendering template within layouts/people
Rendering people/show
Completed in 7ms (View: 2, DB: 0) | 200 OK [http://localhost/people/1]


Processing PeopleController#show (for 127.0.0.1 at 2009-05-22 15:44:44) [GET]
  Parameters: {"id"=>"1"}
  [4;35;1mPerson Load (0.2ms)[0m   [0mSELECT * FROM "people" WHERE ("people"."id" = 1) [0m
Rendering template within layouts/people
Rendering people/show
Completed in 7ms (View: 2, DB: 0) | 200 OK [http://localhost/people/1]


Processing PeopleController#show (for 127.0.0.1 at 2009-05-22 15:44:45) [GET]
  Parameters: {"id"=>"1"}
  [4;36;1mPerson Load (0.2ms)[0m   [0;1mSELECT * FROM "people" WHERE ("people"."id" = 1) [0m
Rendering template within layouts/people
Rendering people/show
Completed in 8ms (View: 3, DB: 0) | 200 OK [http://localhost/people/1]


Processing PeopleController#show (for 127.0.0.1 at 2009-05-22 15:45:15) [GET]
  Parameters: {"id"=>"1"}
  [4;35;1mPerson Load (0.2ms)[0m   [0mSELECT * FROM "people" WHERE ("people"."id" = 1) [0m
Rendering template within layouts/people
Rendering people/show
Completed in 10ms (View: 5, DB: 0) | 200 OK [http://localhost/people/1]


Processing PeopleController#edit (for 127.0.0.1 at 2009-05-22 15:45:17) [GET]
  Parameters: {"id"=>"1"}
  [4;36;1mPerson Load (0.2ms)[0m   [0;1mSELECT * FROM "people" WHERE ("people"."id" = 1) [0m
Rendering template within layouts/people
Rendering people/edit
Completed in 16ms (View: 11, DB: 0) | 200 OK [http://localhost/people/1/edit]


Processing PeopleController#update (for 127.0.0.1 at 2009-05-22 15:45:20) [PUT]
  Parameters: {"commit"=>"Update", "authenticity_token"=>"qezkVq+MNzFuXxFBJ/GaSoh2BNdxM6oF3H7JP5beFFE=", "id"=>"1", "person"=>{"birthday(2i)"=>"8", "name"=>"Barack Obama", "birthday(3i)"=>"4", "anniversary(1i)"=>"1992", "anniversary(2i)"=>"10", "anniversary(3i)"=>"3", "birthday(1i)"=>"1960"}}
  [4;35;1mPerson Load (0.2ms)[0m   [0mSELECT * FROM "people" WHERE ("people"."id" = 1) [0m
Redirected to http://localhost:3000/people/1
Completed in 8ms (DB: 0) | 302 Found [http://localhost/people/1]


Processing PeopleController#show (for 127.0.0.1 at 2009-05-22 15:45:20) [GET]
  Parameters: {"id"=>"1"}
  [4;36;1mPerson Load (0.2ms)[0m   [0;1mSELECT * FROM "people" WHERE ("people"."id" = 1) [0m
Rendering template within layouts/people
Rendering people/show
Completed in 9ms (View: 3, DB: 0) | 200 OK [http://localhost/people/1]
  [4;36;1mSQL (0.3ms)[0m   [0;1m SELECT name
 FROM sqlite_master
 WHERE type = 'table' AND NOT name = 'sqlite_sequence'
[0m
  [4;36;1mSQL (0.4ms)[0m   [0;1m SELECT name
 FROM sqlite_master
 WHERE type = 'table' AND NOT name = 'sqlite_sequence'
[0m
  [4;35;1mSQL (0.1ms)[0m   [0mSELECT version FROM schema_migrations[0m
  [4;36;1mSQL (0.1ms)[0m   [0;1mselect sqlite_version(*)[0m
  [4;35;1mSQL (0.2ms)[0m   [0m SELECT name
 FROM sqlite_master
 WHERE type = 'table' AND NOT name = 'sqlite_sequence'
[0m
  [4;36;1mSQL (2.0ms)[0m   [0;1mCREATE TABLE "people" ("id" INTEGER PRIMARY KEY AUTOINCREMENT NOT NULL, "name" varchar(255), "birthday" date, "created_at" datetime, "updated_at" datetime, "anniversary" varchar(255)) [0m
  [4;35;1mSQL (0.1ms)[0m   [0m SELECT name
 FROM sqlite_master
 WHERE type = 'table' AND NOT name = 'sqlite_sequence'
[0m
  [4;36;1mSQL (1.8ms)[0m   [0;1mCREATE TABLE "schema_migrations" ("version" varchar(255) NOT NULL) [0m
  [4;35;1mSQL (1.8ms)[0m   [0mCREATE UNIQUE INDEX "unique_schema_migrations" ON "schema_migrations" ("version")[0m
  [4;36;1mSQL (0.2ms)[0m   [0;1m SELECT name
 FROM sqlite_master
 WHERE type = 'table' AND NOT name = 'sqlite_sequence'
[0m
  [4;35;1mSQL (0.1ms)[0m   [0mSELECT version FROM "schema_migrations"[0m
  [4;36;1mSQL (1.6ms)[0m   [0;1mINSERT INTO "schema_migrations" (version) VALUES ('20090522172917')[0m
  [4;35;1mSQL (1.8ms)[0m   [0mINSERT INTO "schema_migrations" (version) VALUES ('20090522171143')[0m
  [4;36;1mPerson Load (0.3ms)[0m   [0;1mSELECT * FROM "people" [0m
  [4;36;1mSQL (0.5ms)[0m   [0;1m SELECT name
 FROM sqlite_master
 WHERE type = 'table' AND NOT name = 'sqlite_sequence'
[0m
  [4;35;1mSQL (0.2ms)[0m   [0mSELECT version FROM schema_migrations[0m
  [4;36;1mSQL (29.4ms)[0m   [0;1mselect sqlite_version(*)[0m
  [4;35;1mSQL (0.3ms)[0m   [0m SELECT name
 FROM sqlite_master
 WHERE type = 'table' AND NOT name = 'sqlite_sequence'
[0m
  [4;36;1mSQL (10.7ms)[0m   [0;1mCREATE TABLE "people" ("id" INTEGER PRIMARY KEY AUTOINCREMENT NOT NULL, "name" varchar(255), "birthday" date, "created_at" datetime, "updated_at" datetime, "anniversary" varchar(255)) [0m
  [4;35;1mSQL (0.2ms)[0m   [0m SELECT name
 FROM sqlite_master
 WHERE type = 'table' AND NOT name = 'sqlite_sequence'
[0m
  [4;36;1mSQL (3.1ms)[0m   [0;1mCREATE TABLE "schema_migrations" ("version" varchar(255) NOT NULL) [0m
  [4;35;1mSQL (2.8ms)[0m   [0mCREATE UNIQUE INDEX "unique_schema_migrations" ON "schema_migrations" ("version")[0m
  [4;36;1mSQL (0.2ms)[0m   [0;1m SELECT name
 FROM sqlite_master
 WHERE type = 'table' AND NOT name = 'sqlite_sequence'
[0m
  [4;35;1mSQL (0.1ms)[0m   [0mSELECT version FROM "schema_migrations"[0m
  [4;36;1mSQL (9.2ms)[0m   [0;1mINSERT INTO "schema_migrations" (version) VALUES ('20090522172917')[0m
  [4;35;1mSQL (3.0ms)[0m   [0mINSERT INTO "schema_migrations" (version) VALUES ('20090522171143')[0m
